{
  "K": 3,
  "m": 10,
  "nu": 1.5,
  "maxiter": 120,
  "n_samples": 1000,
  "seed": 42,
  "test_mode": false,
  "n_train": 10501,
  "n_test": 3652
}

{
  "alpha_shape": 27.828552213478673,
  "theta": [
    0.44364450159028945,
    12.706700813610375,
    1.5,
    0.011823739771732787
  ],
  "epsilon_target": 0.01
}

{
  "baseline_log_gaussian_kriging": {
    "RMSE": 1.792314947018524,
    "NRMSE": 0.42448218818635375,
    "MAE": 0.3231823828551884,
    "RelErr": 0.0743770572452844,
    "NSE": 0.819814871912525,
    "Bias": -0.01334834339443871,
    "PBIAS": -0.7129097772127814,
    "KGE": 0.8888472174584182,
    "N": 3652.0
  },
  "gamma_latent_gp": {
    "RMSE": 1.7924173164120858,
    "NRMSE": 0.42450643280042377,
    "MAE": 0.3264420540761661,
    "RelErr": 0.08788917463791808,
    "NSE": 0.8197942885110593,
    "Bias": -0.023348343394438694,
    "PBIAS": -1.2469908658891469,
    "KGE": 0.8883773515201654,
    "N": 3652.0,
    "CRPS": 0.2722569145238742,
    "coverage_95": 0.9822015334063526,
    "pi95_mean_width": 1.9000965552792957
  }
}
