{
  "K": 3,
  "m": 10,
  "nu": 1.5,
  "maxiter": 20,
  "n_samples": 300,
  "seed": 42,
  "test_mode": true,
  "n_train": 1000,
  "n_test": 300
}

{
  "alpha_shape": 19.337545017766974,
  "theta": [
    0.4742194906117767,
    14.052217440625462,
    1.5,
    0.011960020326984531
  ],
  "epsilon_target": 0.01
}

{
  "baseline_log_gaussian_kriging": {
    "RMSE": 0.7953159237650663,
    "NRMSE": 0.22748669284145343,
    "MAE": 0.2131408854505782,
    "NSE": 0.9482498045800583,
    "Bias": 0.031611663779638,
    "PBIAS": 1.7893495541382904,
    "KGE": 0.9494460079480498,
    "N": 300.0
  },
  "gamma_latent_gp": {
    "RMSE": 0.7949812484069595,
    "NRMSE": 0.22739096460552066,
    "MAE": 0.21737290459077238,
    "NSE": 0.9482933492157708,
    "Bias": 0.021611663779638,
    "PBIAS": 1.2233086248750662,
    "KGE": 0.9511617227078133,
    "N": 300.0,
    "CRPS": 0.2008592036858402,
    "coverage_95": 0.9733333333333334,
    "pi95_mean_width": 1.9336863809934015
  }
}
