{
  "K": 4,
  "m": 20,
  "nu": 1.5,
  "maxiter": 202,
  "n_samples": 1000,
  "seed": 42,
  "test_mode": false,
  "n_train": 10501,
  "n_test": 3652
}

{
  "alpha_shape": 27.70250273321946,
  "theta": [
    0.4126937112699158,
    12.51038043574864,
    1.5,
    0.011799531208800073
  ],
  "epsilon_target": 0.01
}

{
  "baseline_log_gaussian_kriging": {
    "RMSE": 1.7760919332711715,
    "NRMSE": 0.4206400172632641,
    "MAE": 0.3219876216685034,
    "RelErr": 0.07495415614383837,
    "NSE": 0.8230619758767609,
    "Bias": -0.007585891177153782,
    "PBIAS": -0.4051481018474736,
    "KGE": 0.8957569386453997,
    "N": 3652.0
  },
  "gamma_latent_gp": {
    "RMSE": 1.7761627946937946,
    "NRMSE": 0.42065679969973435,
    "MAE": 0.3254026044053419,
    "RelErr": 0.08862826612434936,
    "NSE": 0.8230478568663776,
    "Bias": -0.01758589117715377,
    "PBIAS": -0.9392291905238396,
    "KGE": 0.8954131151177686,
    "N": 3652.0,
    "CRPS": 0.27128288101545656,
    "coverage_95": 0.9816538882803943,
    "pi95_mean_width": 1.8902752252560862
  }
}
